\BOOKMARK [1][-]{section.1}{\376\377\000O\000c\000t\000a\000v\000e\173\200\116\313}{}% 1
\BOOKMARK [1][-]{section.2}{\376\377\000O\000c\000t\000a\000v\000e\166\204\117\177\165\050}{}% 2
\BOOKMARK [2][-]{subsection.2.1}{\376\377\133\211\210\305\123\312\217\333\121\145\165\114\227\142}{section.2}% 3
\BOOKMARK [2][-]{subsection.2.2}{\376\377\173\200\123\125\213\241\173\227}{section.2}% 4
\BOOKMARK [2][-]{subsection.2.3}{\376\377\122\006\123\367\124\214\226\220\205\317\176\323\147\234}{section.2}% 5
\BOOKMARK [2][-]{subsection.2.4}{\376\377\121\205\136\372\121\375\145\160}{section.2}% 6
\BOOKMARK [2][-]{subsection.2.5}{\376\377\123\326\155\210\116\000\116\052\124\175\116\344}{section.2}% 7
\BOOKMARK [2][-]{subsection.2.6}{\376\377\000h\000e\000l\000p}{section.2}% 8
\BOOKMARK [1][-]{section.3}{\376\377\167\351\226\065\124\214\124\021\221\317}{}% 9
\BOOKMARK [2][-]{subsection.3.1}{\376\377\167\351\226\065\166\204\147\204\136\372}{section.3}% 10
\BOOKMARK [3][-]{subsubsection.3.1.1}{\376\377\145\271\142\354\123\367}{subsection.3.1}% 11
\BOOKMARK [3][-]{subsubsection.3.1.2}{\376\377\121\222\123\367}{subsection.3.1}% 12
\BOOKMARK [2][-]{subsection.3.2}{\376\377\167\351\226\065\166\204\144\315\117\134}{section.3}% 13
\BOOKMARK [1][-]{section.4}{\376\377\117\134\126\376}{}% 14
\BOOKMARK [2][-]{subsection.4.1}{\376\377\127\372\147\054\176\330\126\376\377\032\000p\000l\000o\000t}{section.4}% 15
\BOOKMARK [2][-]{subsection.4.2}{\376\377\143\001\176\355\144\315\117\134\377\032\000h\000o\000l\000d\000\040\000o\000n}{section.4}% 16
\BOOKMARK [2][-]{subsection.4.3}{\376\377\122\033\136\372\133\120\126\376\377\032\000s\000u\000b\000p\000l\000o\000t}{section.4}% 17
\BOOKMARK [2][-]{subsection.4.4}{\376\377\0003\000D\176\330\126\376\377\032\000p\000l\000o\000t\0003}{section.4}% 18
\BOOKMARK [2][-]{subsection.4.5}{\376\377\176\330\122\066\146\362\227\142\377\032\000m\000e\000s\000h\000g\000r\000i\000d\377\014\000s\000u\000r\000f}{section.4}% 19
\BOOKMARK [1][-]{section.5}{\376\377\201\032\147\054\145\207\116\366\116\016\121\375\145\160}{}% 20
\BOOKMARK [2][-]{subsection.5.1}{\376\377\143\247\122\066\213\355\123\345}{section.5}% 21
\BOOKMARK [3][-]{subsubsection.5.1.1}{\376\377\000i\000f\000.\000.\000.\000e\000l\000s\000e\213\355\123\345}{subsection.5.1}% 22
\BOOKMARK [3][-]{subsubsection.5.1.2}{\376\377\000f\000o\000r\213\355\123\345}{subsection.5.1}% 23
\BOOKMARK [3][-]{subsubsection.5.1.3}{\376\377\000w\000h\000i\000l\000e\213\355\123\345}{subsection.5.1}% 24
\BOOKMARK [2][-]{subsection.5.2}{\376\377\121\375\145\160}{section.5}% 25
\BOOKMARK [1][-]{section.6}{\376\377\116\016\000M\000A\000T\000L\000A\000B\166\204\123\072\122\053}{}% 26
\BOOKMARK [1][-]{section.7}{\376\377\140\073\176\323}{}% 27
